2014-04-20 20:57:32.117 megh0011[14545:90b] Multi-tasking -> Device: YES, App: YES
2014-04-20 20:57:32.547 megh0011[14545:90b] Unlimited access to network resources
2014-04-20 20:57:32.633 megh0011[14545:90b] Fix applied for database locations?: YES
2014-04-20 20:57:34.402 megh0011[14545:90b] WARNING: The splashscreen image named Default-Portrait was not found
2014-04-20 20:57:34.402 megh0011[14545:90b] [CDVTimer][splashscreen] 282.790959ms
2014-04-20 20:57:34.403 megh0011[14545:90b] [CDVTimer][TotalPluginStartup] 283.248007ms
2014-04-20 20:57:34.405 megh0011[14545:90b] WARNING: The splashscreen image named Default-Portrait was not found
2014-04-20 20:57:34.423 megh0011[14545:90b] WARNING: The splashscreen image named Default-Portrait was not found
2014-04-20 20:57:34.425 megh0011[14545:90b] WARNING: The splashscreen image named Default-Portrait was not found
2014-04-20 20:57:34.732 megh0011[14545:90b] Resetting plugins due to page load.
2014-04-20 20:57:35.125 megh0011[14545:90b] Finished load of: file:///Users/meghnameghna/Library/Application%20Support/iPhone%20Simulator/7.1/Applications/CA89ED06-F34A-4E1D-A07B-5D7011B9B7D9/megh0011.app/www/index.html
2014-04-20 20:58:35.423 megh0011[14717:90b] Multi-tasking -> Device: YES, App: YES
2014-04-20 20:58:35.453 megh0011[14717:90b] Unlimited access to network resources
2014-04-20 20:58:35.622 megh0011[14717:90b] WARNING: The splashscreen image named Default-Portrait was not found
2014-04-20 20:58:35.623 megh0011[14717:90b] [CDVTimer][splashscreen] 135.848999ms
2014-04-20 20:58:35.623 megh0011[14717:90b] [CDVTimer][TotalPluginStartup] 136.229038ms
2014-04-20 20:58:35.624 megh0011[14717:90b] WARNING: The splashscreen image named Default-Portrait was not found
2014-04-20 20:58:35.627 megh0011[14717:90b] WARNING: The splashscreen image named Default-Portrait was not found
2014-04-20 20:58:35.628 megh0011[14717:90b] WARNING: The splashscreen image named Default-Portrait was not found
2014-04-20 20:58:36.051 megh0011[14717:90b] Resetting plugins due to page load.
2014-04-20 20:58:36.241 megh0011[14717:90b] Finished load of: file:///Users/meghnameghna/Library/Application%20Support/iPhone%20Simulator/7.1/Applications/CA89ED06-F34A-4E1D-A07B-5D7011B9B7D9/megh0011.app/www/index.html
2014-04-21 13:40:35.493 megh0011[1304:90b] Multi-tasking -> Device: YES, App: YES
2014-04-21 13:40:35.596 megh0011[1304:90b] Unlimited access to network resources
2014-04-21 13:40:36.951 megh0011[1304:90b] WARNING: The splashscreen image named Default-Portrait was not found
2014-04-21 13:40:36.952 megh0011[1304:90b] [CDVTimer][splashscreen] 316.978037ms
2014-04-21 13:40:36.952 megh0011[1304:90b] [CDVTimer][TotalPluginStartup] 317.395031ms
2014-04-21 13:40:36.953 megh0011[1304:90b] WARNING: The splashscreen image named Default-Portrait was not found
2014-04-21 13:40:36.957 megh0011[1304:90b] WARNING: The splashscreen image named Default-Portrait was not found
2014-04-21 13:40:36.958 megh0011[1304:90b] WARNING: The splashscreen image named Default-Portrait was not found
2014-04-21 13:40:37.064 megh0011[1304:90b] Resetting plugins due to page load.
2014-04-21 13:40:37.663 megh0011[1304:90b] Finished load of: file:///Users/meghnameghna/Library/Application%20Support/iPhone%20Simulator/7.1/Applications/CA89ED06-F34A-4E1D-A07B-5D7011B9B7D9/megh0011.app/www/index.html
2014-04-21 13:41:39.001 megh0011[1441:90b] Multi-tasking -> Device: YES, App: YES
2014-04-21 13:41:39.009 megh0011[1441:90b] Unlimited access to network resources
2014-04-21 13:41:39.042 megh0011[1441:90b] WARNING: The splashscreen image named Default-Portrait was not found
2014-04-21 13:41:39.042 megh0011[1441:90b] [CDVTimer][splashscreen] 11.750996ms
2014-04-21 13:41:39.043 megh0011[1441:90b] [CDVTimer][TotalPluginStartup] 12.239993ms
2014-04-21 13:41:39.070 megh0011[1441:90b] WARNING: The splashscreen image named Default-Portrait was not found
2014-04-21 13:41:39.074 megh0011[1441:90b] WARNING: The splashscreen image named Default-Portrait was not found
2014-04-21 13:41:39.075 megh0011[1441:90b] WARNING: The splashscreen image named Default-Portrait was not found
2014-04-21 13:41:39.192 megh0011[1441:90b] Resetting plugins due to page load.
2014-04-21 13:41:39.242 megh0011[1441:90b] Finished load of: file:///Users/meghnameghna/Library/Application%20Support/iPhone%20Simulator/7.1/Applications/1F5F9CFE-356E-4535-A57A-A226B6120E00/megh0011.app/www/index.html
2014-04-21 13:42:49.590 megh0011[1584:90b] Multi-tasking -> Device: YES, App: YES
2014-04-21 13:42:49.597 megh0011[1584:90b] Unlimited access to network resources
2014-04-21 13:42:49.622 megh0011[1584:90b] WARNING: The splashscreen image named Default-Portrait was not found
2014-04-21 13:42:49.623 megh0011[1584:90b] [CDVTimer][splashscreen] 9.307981ms
2014-04-21 13:42:49.623 megh0011[1584:90b] [CDVTimer][TotalPluginStartup] 9.738982ms
2014-04-21 13:42:49.633 megh0011[1584:90b] WARNING: The splashscreen image named Default-Portrait was not found
2014-04-21 13:42:49.637 megh0011[1584:90b] WARNING: The splashscreen image named Default-Portrait was not found
2014-04-21 13:42:49.638 megh0011[1584:90b] WARNING: The splashscreen image named Default-Portrait was not found
2014-04-21 13:42:49.736 megh0011[1584:90b] Resetting plugins due to page load.
2014-04-21 13:42:51.807 megh0011[1584:90b] Finished load of: file:///Users/meghnameghna/Library/Application%20Support/iPhone%20Simulator/7.1/Applications/D8F06C1A-240B-4B7F-960D-01924051EDE0/megh0011.app/www/index.html
2014-04-21 13:43:42.830 megh0011[1711:90b] Multi-tasking -> Device: YES, App: YES
2014-04-21 13:43:42.837 megh0011[1711:90b] Unlimited access to network resources
2014-04-21 13:43:42.864 megh0011[1711:90b] WARNING: The splashscreen image named Default-Portrait was not found
2014-04-21 13:43:42.865 megh0011[1711:90b] [CDVTimer][splashscreen] 10.474026ms
2014-04-21 13:43:42.866 megh0011[1711:90b] [CDVTimer][TotalPluginStartup] 11.196971ms
2014-04-21 13:43:42.880 megh0011[1711:90b] WARNING: The splashscreen image named Default-Portrait was not found
2014-04-21 13:43:42.885 megh0011[1711:90b] WARNING: The splashscreen image named Default-Portrait was not found
2014-04-21 13:43:42.887 megh0011[1711:90b] WARNING: The splashscreen image named Default-Portrait was not found
2014-04-21 13:43:42.979 megh0011[1711:90b] Resetting plugins due to page load.
2014-04-21 13:43:45.366 megh0011[1711:90b] Finished load of: file:///Users/meghnameghna/Library/Application%20Support/iPhone%20Simulator/7.1/Applications/E4CE5A34-6302-4364-8D78-81C57BA03C50/megh0011.app/www/index.html
2014-04-21 13:45:44.566 megh0011[1875:90b] Multi-tasking -> Device: YES, App: YES
2014-04-21 13:45:44.573 megh0011[1875:90b] Unlimited access to network resources
2014-04-21 13:45:45.294 megh0011[1875:90b] WARNING: The splashscreen image named Default-Portrait was not found
2014-04-21 13:45:45.295 megh0011[1875:90b] [CDVTimer][splashscreen] 472.135007ms
2014-04-21 13:45:45.295 megh0011[1875:90b] [CDVTimer][TotalPluginStartup] 472.634017ms
2014-04-21 13:45:45.330 megh0011[1875:90b] WARNING: The splashscreen image named Default-Portrait was not found
2014-04-21 13:45:45.334 megh0011[1875:90b] WARNING: The splashscreen image named Default-Portrait was not found
2014-04-21 13:45:45.335 megh0011[1875:90b] WARNING: The splashscreen image named Default-Portrait was not found
2014-04-21 13:45:45.502 megh0011[1875:90b] Resetting plugins due to page load.
2014-04-21 13:45:47.291 megh0011[1875:90b] Finished load of: file:///Users/meghnameghna/Library/Application%20Support/iPhone%20Simulator/7.1/Applications/7B026387-688A-4AF8-9070-C4B2BE665791/megh0011.app/www/index.html
2014-04-21 14:03:14.631 megh0011[2910:90b] Multi-tasking -> Device: YES, App: YES
2014-04-21 14:03:14.656 megh0011[2910:90b] Unlimited access to network resources
2014-04-21 14:03:14.744 megh0011[2910:90b] WARNING: The splashscreen image named Default-Portrait was not found
2014-04-21 14:03:14.745 megh0011[2910:90b] [CDVTimer][splashscreen] 62.073946ms
2014-04-21 14:03:14.746 megh0011[2910:90b] [CDVTimer][TotalPluginStartup] 62.866032ms
2014-04-21 14:03:14.748 megh0011[2910:90b] WARNING: The splashscreen image named Default-Portrait was not found
2014-04-21 14:03:14.753 megh0011[2910:90b] WARNING: The splashscreen image named Default-Portrait was not found
2014-04-21 14:03:14.754 megh0011[2910:90b] WARNING: The splashscreen image named Default-Portrait was not found
2014-04-21 14:03:14.911 megh0011[2910:90b] Resetting plugins due to page load.
2014-04-21 14:03:24.394 megh0011[2910:90b] Finished load of: file:///Users/meghnameghna/Library/Application%20Support/iPhone%20Simulator/7.1/Applications/7B026387-688A-4AF8-9070-C4B2BE665791/megh0011.app/www/index.html
2014-04-21 14:03:49.346 megh0011[3032:90b] Multi-tasking -> Device: YES, App: YES
2014-04-21 14:03:49.352 megh0011[3032:90b] Unlimited access to network resources
2014-04-21 14:03:49.380 megh0011[3032:90b] WARNING: The splashscreen image named Default-Portrait was not found
2014-04-21 14:03:49.381 megh0011[3032:90b] [CDVTimer][splashscreen] 9.101987ms
2014-04-21 14:03:49.381 megh0011[3032:90b] [CDVTimer][TotalPluginStartup] 9.585023ms
2014-04-21 14:03:49.389 megh0011[3032:90b] WARNING: The splashscreen image named Default-Portrait was not found
2014-04-21 14:03:49.392 megh0011[3032:90b] WARNING: The splashscreen image named Default-Portrait was not found
2014-04-21 14:03:49.393 megh0011[3032:90b] WARNING: The splashscreen image named Default-Portrait was not found
2014-04-21 14:03:49.506 megh0011[3032:90b] Resetting plugins due to page load.
2014-04-21 14:03:51.165 megh0011[3032:90b] Finished load of: file:///Users/meghnameghna/Library/Application%20Support/iPhone%20Simulator/7.1/Applications/579D4E31-780E-4BE8-ABF0-F27ED3BB6CCE/megh0011.app/www/index.html
2014-04-21 14:06:45.243 megh0011[3227:90b] Multi-tasking -> Device: YES, App: YES
2014-04-21 14:06:45.251 megh0011[3227:90b] Unlimited access to network resources
2014-04-21 14:06:45.278 megh0011[3227:90b] WARNING: The splashscreen image named Default-Portrait was not found
2014-04-21 14:06:45.280 megh0011[3227:90b] [CDVTimer][splashscreen] 11.689961ms
2014-04-21 14:06:45.281 megh0011[3227:90b] [CDVTimer][TotalPluginStartup] 12.620032ms
2014-04-21 14:06:45.283 megh0011[3227:90b] WARNING: The splashscreen image named Default-Portrait was not found
2014-04-21 14:06:45.287 megh0011[3227:90b] WARNING: The splashscreen image named Default-Portrait was not found
2014-04-21 14:06:45.289 megh0011[3227:90b] WARNING: The splashscreen image named Default-Portrait was not found
2014-04-21 14:06:45.427 megh0011[3227:90b] Resetting plugins due to page load.
2014-04-21 14:06:47.267 megh0011[3227:90b] Finished load of: file:///Users/meghnameghna/Library/Application%20Support/iPhone%20Simulator/7.1/Applications/579D4E31-780E-4BE8-ABF0-F27ED3BB6CCE/megh0011.app/www/index.html
2014-04-21 14:07:45.643 megh0011[3359:90b] Multi-tasking -> Device: YES, App: YES
2014-04-21 14:07:45.650 megh0011[3359:90b] Unlimited access to network resources
2014-04-21 14:07:45.677 megh0011[3359:90b] WARNING: The splashscreen image named Default-Portrait was not found
2014-04-21 14:07:45.678 megh0011[3359:90b] [CDVTimer][splashscreen] 10.019004ms
2014-04-21 14:07:45.678 megh0011[3359:90b] [CDVTimer][TotalPluginStartup] 10.401011ms
2014-04-21 14:07:45.679 megh0011[3359:90b] WARNING: The splashscreen image named Default-Portrait was not found
2014-04-21 14:07:45.682 megh0011[3359:90b] WARNING: The splashscreen image named Default-Portrait was not found
2014-04-21 14:07:45.683 megh0011[3359:90b] WARNING: The splashscreen image named Default-Portrait was not found
2014-04-21 14:07:45.800 megh0011[3359:90b] Resetting plugins due to page load.
2014-04-21 14:07:47.624 megh0011[3359:90b] Finished load of: file:///Users/meghnameghna/Library/Application%20Support/iPhone%20Simulator/7.1/Applications/579D4E31-780E-4BE8-ABF0-F27ED3BB6CCE/megh0011.app/www/index.html
2014-04-21 14:09:01.441 megh0011[3500:90b] Multi-tasking -> Device: YES, App: YES
2014-04-21 14:09:01.448 megh0011[3500:90b] Unlimited access to network resources
2014-04-21 14:09:01.473 megh0011[3500:90b] WARNING: The splashscreen image named Default-Portrait was not found
2014-04-21 14:09:01.473 megh0011[3500:90b] [CDVTimer][splashscreen] 10.089993ms
2014-04-21 14:09:01.474 megh0011[3500:90b] [CDVTimer][TotalPluginStartup] 10.595977ms
2014-04-21 14:09:01.475 megh0011[3500:90b] WARNING: The splashscreen image named Default-Portrait was not found
2014-04-21 14:09:01.478 megh0011[3500:90b] WARNING: The splashscreen image named Default-Portrait was not found
2014-04-21 14:09:01.479 megh0011[3500:90b] WARNING: The splashscreen image named Default-Portrait was not found
2014-04-21 14:09:01.508 megh0011[3500:90b] Resetting plugins due to page load.
2014-04-21 14:10:09.963 megh0011[3667:90b] Multi-tasking -> Device: YES, App: YES
2014-04-21 14:10:09.975 megh0011[3667:90b] Unlimited access to network resources
2014-04-21 14:10:10.023 megh0011[3667:90b] WARNING: The splashscreen image named Default-Portrait was not found
2014-04-21 14:10:10.024 megh0011[3667:90b] [CDVTimer][splashscreen] 12.654006ms
2014-04-21 14:10:10.025 megh0011[3667:90b] [CDVTimer][TotalPluginStartup] 13.702035ms
2014-04-21 14:10:10.029 megh0011[3667:90b] WARNING: The splashscreen image named Default-Portrait was not found
2014-04-21 14:10:10.036 megh0011[3667:90b] WARNING: The splashscreen image named Default-Portrait was not found
2014-04-21 14:10:10.038 megh0011[3667:90b] WARNING: The splashscreen image named Default-Portrait was not found
2014-04-21 14:10:10.201 megh0011[3667:90b] Resetting plugins due to page load.
2014-04-21 14:10:20.272 megh0011[3667:90b] Finished load of: file:///Users/meghnameghna/Library/Application%20Support/iPhone%20Simulator/7.1/Applications/579D4E31-780E-4BE8-ABF0-F27ED3BB6CCE/megh0011.app/www/index.html
2014-04-21 15:07:01.654 megh0011[7624:90b] Multi-tasking -> Device: YES, App: YES
2014-04-21 15:07:01.898 megh0011[7624:90b] Unlimited access to network resources
2014-04-21 15:07:03.907 megh0011[7624:90b] WARNING: The splashscreen image named Default-Portrait was not found
2014-04-21 15:07:03.907 megh0011[7624:90b] [CDVTimer][splashscreen] 251.847029ms
2014-04-21 15:07:03.907 megh0011[7624:90b] [CDVTimer][TotalPluginStartup] 252.305984ms
2014-04-21 15:07:03.910 megh0011[7624:90b] WARNING: The splashscreen image named Default-Portrait was not found
2014-04-21 15:07:03.916 megh0011[7624:90b] WARNING: The splashscreen image named Default-Portrait was not found
2014-04-21 15:07:03.918 megh0011[7624:90b] WARNING: The splashscreen image named Default-Portrait was not found
2014-04-21 15:07:04.418 megh0011[7624:90b] Resetting plugins due to page load.
2014-04-21 15:07:22.260 megh0011[7624:4203] void SendDelegateMessage(NSInvocation *): delegate (webView:runJavaScriptAlertPanelWithMessage:initiatedByFrame:) failed to return after waiting 10 seconds. main run loop mode: kCFRunLoopDefaultMode
2014-04-21 15:07:22.312 megh0011[7624:90b] Finished load of: file:///Users/meghnameghna/Library/Application%20Support/iPhone%20Simulator/7.1/Applications/579D4E31-780E-4BE8-ABF0-F27ED3BB6CCE/megh0011.app/www/index.html
2014-04-21 15:09:34.823 megh0011[7836:90b] Multi-tasking -> Device: YES, App: YES
2014-04-21 15:09:34.835 megh0011[7836:90b] Unlimited access to network resources
2014-04-21 15:09:34.950 megh0011[7836:90b] WARNING: The splashscreen image named Default-Portrait was not found
2014-04-21 15:09:34.951 megh0011[7836:90b] [CDVTimer][splashscreen] 83.106995ms
2014-04-21 15:09:34.952 megh0011[7836:90b] [CDVTimer][TotalPluginStartup] 84.029019ms
2014-04-21 15:09:34.955 megh0011[7836:90b] WARNING: The splashscreen image named Default-Portrait was not found
2014-04-21 15:09:34.961 megh0011[7836:90b] WARNING: The splashscreen image named Default-Portrait was not found
2014-04-21 15:09:34.964 megh0011[7836:90b] WARNING: The splashscreen image named Default-Portrait was not found
2014-04-21 15:09:35.012 megh0011[7836:90b] Resetting plugins due to page load.
2014-04-21 15:09:37.089 megh0011[7836:90b] Finished load of: file:///Users/meghnameghna/Library/Application%20Support/iPhone%20Simulator/7.1/Applications/579D4E31-780E-4BE8-ABF0-F27ED3BB6CCE/megh0011.app/www/index.html
2014-04-21 15:14:25.334 megh0011[8134:90b] Multi-tasking -> Device: YES, App: YES
2014-04-21 15:14:25.343 megh0011[8134:90b] Unlimited access to network resources
2014-04-21 15:14:25.403 megh0011[8134:90b] WARNING: The splashscreen image named Default-Portrait was not found
2014-04-21 15:14:25.404 megh0011[8134:90b] [CDVTimer][splashscreen] 39.071977ms
2014-04-21 15:14:25.404 megh0011[8134:90b] [CDVTimer][TotalPluginStartup] 39.654970ms
2014-04-21 15:14:25.406 megh0011[8134:90b] WARNING: The splashscreen image named Default-Portrait was not found
2014-04-21 15:14:25.411 megh0011[8134:90b] WARNING: The splashscreen image named Default-Portrait was not found
2014-04-21 15:14:25.412 megh0011[8134:90b] WARNING: The splashscreen image named Default-Portrait was not found
2014-04-21 15:14:25.889 megh0011[8134:90b] Resetting plugins due to page load.
2014-04-21 15:14:27.567 megh0011[8134:90b] Finished load of: file:///Users/meghnameghna/Library/Application%20Support/iPhone%20Simulator/7.1/Applications/579D4E31-780E-4BE8-ABF0-F27ED3BB6CCE/megh0011.app/www/index.html
2014-04-21 15:19:30.591 megh0011[8536:90b] Multi-tasking -> Device: YES, App: YES
2014-04-21 15:19:30.609 megh0011[8536:90b] Unlimited access to network resources
2014-04-21 15:19:30.706 megh0011[8536:90b] WARNING: The splashscreen image named Default-Portrait was not found
2014-04-21 15:19:30.706 megh0011[8536:90b] [CDVTimer][splashscreen] 67.431033ms
2014-04-21 15:19:30.707 megh0011[8536:90b] [CDVTimer][TotalPluginStartup] 67.794025ms
2014-04-21 15:19:30.708 megh0011[8536:90b] WARNING: The splashscreen image named Default-Portrait was not found
2014-04-21 15:19:30.711 megh0011[8536:90b] WARNING: The splashscreen image named Default-Portrait was not found
2014-04-21 15:19:30.712 megh0011[8536:90b] WARNING: The splashscreen image named Default-Portrait was not found
2014-04-21 15:19:31.021 megh0011[8536:90b] Resetting plugins due to page load.
2014-04-21 15:24:36.559 megh0011[8851:90b] Multi-tasking -> Device: YES, App: YES
2014-04-21 15:24:36.665 megh0011[8851:90b] Unlimited access to network resources
2014-04-21 15:24:37.238 megh0011[8851:90b] WARNING: The splashscreen image named Default-Portrait was not found
2014-04-21 15:24:37.239 megh0011[8851:90b] [CDVTimer][splashscreen] 396.367013ms
2014-04-21 15:24:37.239 megh0011[8851:90b] [CDVTimer][TotalPluginStartup] 396.758020ms
2014-04-21 15:24:37.240 megh0011[8851:90b] WARNING: The splashscreen image named Default-Portrait was not found
2014-04-21 15:24:37.243 megh0011[8851:90b] WARNING: The splashscreen image named Default-Portrait was not found
2014-04-21 15:24:37.244 megh0011[8851:90b] WARNING: The splashscreen image named Default-Portrait was not found
2014-04-21 15:24:37.376 megh0011[8851:90b] Resetting plugins due to page load.
2014-04-21 15:34:08.707 megh0011[8851:4203] void SendDelegateMessage(NSInvocation *): delegate (webView:runJavaScriptAlertPanelWithMessage:initiatedByFrame:) failed to return after waiting 10 seconds. main run loop mode: kCFRunLoopDefaultMode
2014-04-21 15:34:08.752 megh0011[8851:90b] Finished load of: file:///Users/meghnameghna/Library/Application%20Support/iPhone%20Simulator/7.1/Applications/579D4E31-780E-4BE8-ABF0-F27ED3BB6CCE/megh0011.app/www/index.html
2014-04-21 15:54:57.070 megh0011[10392:90b] Multi-tasking -> Device: YES, App: YES
2014-04-21 15:54:57.153 megh0011[10392:90b] Unlimited access to network resources
2014-04-21 15:54:58.385 megh0011[10392:90b] WARNING: The splashscreen image named Default-Portrait was not found
2014-04-21 15:54:58.386 megh0011[10392:90b] [CDVTimer][splashscreen] 379.544020ms
2014-04-21 15:54:58.386 megh0011[10392:90b] [CDVTimer][TotalPluginStartup] 380.160034ms
2014-04-21 15:54:58.390 megh0011[10392:90b] WARNING: The splashscreen image named Default-Portrait was not found
2014-04-21 15:54:58.396 megh0011[10392:90b] WARNING: The splashscreen image named Default-Portrait was not found
2014-04-21 15:54:58.398 megh0011[10392:90b] WARNING: The splashscreen image named Default-Portrait was not found
2014-04-21 15:54:58.934 megh0011[10392:90b] Resetting plugins due to page load.
2014-04-21 15:55:01.687 megh0011[10392:90b] Finished load of: file:///Users/meghnameghna/Library/Application%20Support/iPhone%20Simulator/7.1/Applications/579D4E31-780E-4BE8-ABF0-F27ED3BB6CCE/megh0011.app/www/index.html
2014-04-21 16:07:42.012 megh0011[10946:90b] Multi-tasking -> Device: YES, App: YES
2014-04-21 16:07:42.249 megh0011[10946:90b] Unlimited access to network resources
2014-04-21 16:07:42.596 megh0011[10946:90b] WARNING: The splashscreen image named Default-Portrait was not found
2014-04-21 16:07:42.597 megh0011[10946:90b] [CDVTimer][splashscreen] 295.565009ms
2014-04-21 16:07:42.597 megh0011[10946:90b] [CDVTimer][TotalPluginStartup] 296.039045ms
2014-04-21 16:07:42.599 megh0011[10946:90b] WARNING: The splashscreen image named Default-Portrait was not found
2014-04-21 16:07:42.602 megh0011[10946:90b] WARNING: The splashscreen image named Default-Portrait was not found
2014-04-21 16:07:42.603 megh0011[10946:90b] WARNING: The splashscreen image named Default-Portrait was not found
2014-04-21 16:07:42.685 megh0011[10946:90b] Resetting plugins due to page load.
2014-04-21 16:07:44.460 megh0011[10946:90b] Finished load of: file:///Users/meghnameghna/Library/Application%20Support/iPhone%20Simulator/7.1/Applications/579D4E31-780E-4BE8-ABF0-F27ED3BB6CCE/megh0011.app/www/index.html
2014-04-21 16:10:43.131 megh0011[11141:90b] Multi-tasking -> Device: YES, App: YES
2014-04-21 16:10:43.138 megh0011[11141:90b] Unlimited access to network resources
2014-04-21 16:10:43.163 megh0011[11141:90b] WARNING: The splashscreen image named Default-Portrait was not found
2014-04-21 16:10:43.164 megh0011[11141:90b] [CDVTimer][splashscreen] 9.091020ms
2014-04-21 16:10:43.164 megh0011[11141:90b] [CDVTimer][TotalPluginStartup] 9.504020ms
2014-04-21 16:10:43.165 megh0011[11141:90b] WARNING: The splashscreen image named Default-Portrait was not found
2014-04-21 16:10:43.168 megh0011[11141:90b] WARNING: The splashscreen image named Default-Portrait was not found
2014-04-21 16:10:43.169 megh0011[11141:90b] WARNING: The splashscreen image named Default-Portrait was not found
2014-04-21 16:10:43.416 megh0011[11141:90b] Resetting plugins due to page load.
2014-04-21 16:10:50.881 megh0011[11141:90b] Finished load of: file:///Users/meghnameghna/Library/Application%20Support/iPhone%20Simulator/7.1/Applications/579D4E31-780E-4BE8-ABF0-F27ED3BB6CCE/megh0011.app/www/index.html
2014-04-21 16:16:37.760 megh0011[11638:90b] Multi-tasking -> Device: YES, App: YES
2014-04-21 16:16:37.883 megh0011[11638:90b] Unlimited access to network resources
2014-04-21 16:16:40.290 megh0011[11638:90b] WARNING: The splashscreen image named Default-Portrait was not found
2014-04-21 16:16:40.291 megh0011[11638:90b] [CDVTimer][splashscreen] 264.565051ms
2014-04-21 16:16:40.291 megh0011[11638:90b] [CDVTimer][TotalPluginStartup] 265.056014ms
2014-04-21 16:16:40.292 megh0011[11638:90b] WARNING: The splashscreen image named Default-Portrait was not found
2014-04-21 16:16:40.297 megh0011[11638:90b] WARNING: The splashscreen image named Default-Portrait was not found
2014-04-21 16:16:40.298 megh0011[11638:90b] WARNING: The splashscreen image named Default-Portrait was not found
2014-04-21 16:16:40.489 megh0011[11638:90b] Resetting plugins due to page load.
2014-04-21 16:18:32.187 megh0011[11638:4203] void SendDelegateMessage(NSInvocation *): delegate (webView:runJavaScriptAlertPanelWithMessage:initiatedByFrame:) failed to return after waiting 10 seconds. main run loop mode: kCFRunLoopDefaultMode
2014-04-21 16:18:32.203 megh0011[11638:90b] Finished load of: file:///Users/meghnameghna/Library/Application%20Support/iPhone%20Simulator/7.1/Applications/579D4E31-780E-4BE8-ABF0-F27ED3BB6CCE/megh0011.app/www/index.html
2014-04-21 16:19:37.428 megh0011[11867:90b] Multi-tasking -> Device: YES, App: YES
2014-04-21 16:19:37.474 megh0011[11867:90b] Unlimited access to network resources
2014-04-21 16:19:37.575 megh0011[11867:90b] WARNING: The splashscreen image named Default-Portrait was not found
2014-04-21 16:19:37.576 megh0011[11867:90b] [CDVTimer][splashscreen] 60.256004ms
2014-04-21 16:19:37.576 megh0011[11867:90b] [CDVTimer][TotalPluginStartup] 60.681999ms
2014-04-21 16:19:37.578 megh0011[11867:90b] WARNING: The splashscreen image named Default-Portrait was not found
2014-04-21 16:19:37.580 megh0011[11867:90b] WARNING: The splashscreen image named Default-Portrait was not found
2014-04-21 16:19:37.581 megh0011[11867:90b] WARNING: The splashscreen image named Default-Portrait was not found
2014-04-21 16:19:37.847 megh0011[11867:90b] Resetting plugins due to page load.
2014-04-21 16:19:39.749 megh0011[11867:90b] Finished load of: file:///Users/meghnameghna/Library/Application%20Support/iPhone%20Simulator/7.1/Applications/579D4E31-780E-4BE8-ABF0-F27ED3BB6CCE/megh0011.app/www/index.html
2014-04-21 19:16:13.468 megh0011[17541:90b] Multi-tasking -> Device: YES, App: YES
2014-04-21 19:16:13.773 megh0011[17541:90b] Unlimited access to network resources
2014-04-21 19:16:15.302 megh0011[17541:90b] WARNING: The splashscreen image named Default-Portrait was not found
2014-04-21 19:16:15.302 megh0011[17541:90b] [CDVTimer][splashscreen] 395.009995ms
2014-04-21 19:16:15.303 megh0011[17541:90b] [CDVTimer][TotalPluginStartup] 395.514011ms
2014-04-21 19:16:15.305 megh0011[17541:90b] WARNING: The splashscreen image named Default-Portrait was not found
2014-04-21 19:16:15.341 megh0011[17541:90b] WARNING: The splashscreen image named Default-Portrait was not found
2014-04-21 19:16:15.343 megh0011[17541:90b] WARNING: The splashscreen image named Default-Portrait was not found
2014-04-21 19:16:15.705 megh0011[17541:90b] Resetting plugins due to page load.
2014-04-21 19:17:49.834 megh0011[17541:4203] void SendDelegateMessage(NSInvocation *): delegate (webView:runJavaScriptAlertPanelWithMessage:initiatedByFrame:) failed to return after waiting 10 seconds. main run loop mode: kCFRunLoopDefaultMode
2014-04-21 19:17:49.984 megh0011[17541:90b] Finished load of: file:///Users/meghnameghna/Library/Application%20Support/iPhone%20Simulator/7.1/Applications/579D4E31-780E-4BE8-ABF0-F27ED3BB6CCE/megh0011.app/www/index.html
2014-04-21 19:18:38.758 megh0011[17721:90b] Multi-tasking -> Device: YES, App: YES
2014-04-21 19:18:38.785 megh0011[17721:90b] Unlimited access to network resources
2014-04-21 19:18:38.862 megh0011[17721:90b] WARNING: The splashscreen image named Default-Portrait was not found
2014-04-21 19:18:38.862 megh0011[17721:90b] [CDVTimer][splashscreen] 61.523974ms
2014-04-21 19:18:38.863 megh0011[17721:90b] [CDVTimer][TotalPluginStartup] 61.896026ms
2014-04-21 19:18:38.884 megh0011[17721:90b] WARNING: The splashscreen image named Default-Portrait was not found
2014-04-21 19:18:38.887 megh0011[17721:90b] WARNING: The splashscreen image named Default-Portrait was not found
2014-04-21 19:18:38.888 megh0011[17721:90b] WARNING: The splashscreen image named Default-Portrait was not found
2014-04-21 19:18:39.487 megh0011[17721:90b] Resetting plugins due to page load.
2014-04-21 19:18:41.498 megh0011[17721:90b] Finished load of: file:///Users/meghnameghna/Library/Application%20Support/iPhone%20Simulator/7.1/Applications/C61276A4-CF22-4CEC-82A6-D68393718B8D/megh0011.app/www/index.html
2014-04-21 19:19:55.655 megh0011[17915:90b] Multi-tasking -> Device: YES, App: YES
2014-04-21 19:19:55.688 megh0011[17915:90b] Unlimited access to network resources
2014-04-21 19:19:55.808 megh0011[17915:90b] WARNING: The splashscreen image named Default-Portrait was not found
2014-04-21 19:19:55.809 megh0011[17915:90b] [CDVTimer][splashscreen] 79.474032ms
2014-04-21 19:19:55.809 megh0011[17915:90b] [CDVTimer][TotalPluginStartup] 79.908013ms
2014-04-21 19:19:55.811 megh0011[17915:90b] WARNING: The splashscreen image named Default-Portrait was not found
2014-04-21 19:19:55.814 megh0011[17915:90b] WARNING: The splashscreen image named Default-Portrait was not found
2014-04-21 19:19:55.815 megh0011[17915:90b] WARNING: The splashscreen image named Default-Portrait was not found
2014-04-21 19:19:55.995 megh0011[17915:90b] Resetting plugins due to page load.
2014-04-21 19:19:58.299 megh0011[17915:90b] Finished load of: file:///Users/meghnameghna/Library/Application%20Support/iPhone%20Simulator/7.1/Applications/C61276A4-CF22-4CEC-82A6-D68393718B8D/megh0011.app/www/index.html
2014-04-21 19:23:40.759 megh0011[18320:90b] Multi-tasking -> Device: YES, App: YES
2014-04-21 19:23:40.814 megh0011[18320:90b] Unlimited access to network resources
2014-04-21 19:23:40.926 megh0011[18320:90b] WARNING: The splashscreen image named Default-Portrait was not found
2014-04-21 19:23:40.927 megh0011[18320:90b] [CDVTimer][splashscreen] 79.192996ms
2014-04-21 19:23:40.927 megh0011[18320:90b] [CDVTimer][TotalPluginStartup] 79.620004ms
2014-04-21 19:23:40.929 megh0011[18320:90b] WARNING: The splashscreen image named Default-Portrait was not found
2014-04-21 19:23:40.932 megh0011[18320:90b] WARNING: The splashscreen image named Default-Portrait was not found
2014-04-21 19:23:40.934 megh0011[18320:90b] WARNING: The splashscreen image named Default-Portrait was not found
2014-04-21 19:23:41.067 megh0011[18320:90b] Resetting plugins due to page load.
2014-04-21 19:23:43.341 megh0011[18320:90b] Finished load of: file:///Users/meghnameghna/Library/Application%20Support/iPhone%20Simulator/7.1/Applications/C61276A4-CF22-4CEC-82A6-D68393718B8D/megh0011.app/www/index.html
2014-04-21 19:24:06.593 megh0011[18436:90b] Multi-tasking -> Device: YES, App: YES
2014-04-21 19:24:06.600 megh0011[18436:90b] Unlimited access to network resources
2014-04-21 19:24:06.704 megh0011[18436:90b] WARNING: The splashscreen image named Default-Portrait was not found
2014-04-21 19:24:06.704 megh0011[18436:90b] [CDVTimer][splashscreen] 78.004956ms
2014-04-21 19:24:06.705 megh0011[18436:90b] [CDVTimer][TotalPluginStartup] 78.414023ms
2014-04-21 19:24:06.706 megh0011[18436:90b] WARNING: The splashscreen image named Default-Portrait was not found
2014-04-21 19:24:06.709 megh0011[18436:90b] WARNING: The splashscreen image named Default-Portrait was not found
2014-04-21 19:24:06.710 megh0011[18436:90b] WARNING: The splashscreen image named Default-Portrait was not found
2014-04-21 19:24:07.102 megh0011[18436:90b] Resetting plugins due to page load.
2014-04-21 19:24:09.023 megh0011[18436:90b] Finished load of: file:///Users/meghnameghna/Library/Application%20Support/iPhone%20Simulator/7.1/Applications/C61276A4-CF22-4CEC-82A6-D68393718B8D/megh0011.app/www/index.html
2014-04-21 19:24:44.061 megh0011[18584:90b] Multi-tasking -> Device: YES, App: YES
2014-04-21 19:24:44.072 megh0011[18584:90b] Unlimited access to network resources
2014-04-21 19:24:44.102 megh0011[18584:90b] WARNING: The splashscreen image named Default-Portrait was not found
2014-04-21 19:24:44.102 megh0011[18584:90b] [CDVTimer][splashscreen] 8.629024ms
2014-04-21 19:24:44.103 megh0011[18584:90b] [CDVTimer][TotalPluginStartup] 9.016991ms
2014-04-21 19:24:44.104 megh0011[18584:90b] WARNING: The splashscreen image named Default-Portrait was not found
2014-04-21 19:24:44.107 megh0011[18584:90b] WARNING: The splashscreen image named Default-Portrait was not found
2014-04-21 19:24:44.108 megh0011[18584:90b] WARNING: The splashscreen image named Default-Portrait was not found
2014-04-21 19:24:44.206 megh0011[18584:90b] Resetting plugins due to page load.
2014-04-21 19:26:17.053 megh0011[18584:4203] void SendDelegateMessage(NSInvocation *): delegate (webView:runJavaScriptAlertPanelWithMessage:initiatedByFrame:) failed to return after waiting 10 seconds. main run loop mode: kCFRunLoopDefaultMode
2014-04-21 19:26:17.066 megh0011[18584:90b] Finished load of: file:///Users/meghnameghna/Library/Application%20Support/iPhone%20Simulator/7.1/Applications/C61276A4-CF22-4CEC-82A6-D68393718B8D/megh0011.app/www/index.html
2014-04-21 19:26:42.587 megh0011[18776:90b] Multi-tasking -> Device: YES, App: YES
2014-04-21 19:26:42.598 megh0011[18776:90b] Unlimited access to network resources
2014-04-21 19:26:42.675 megh0011[18776:90b] WARNING: The splashscreen image named Default-Portrait was not found
2014-04-21 19:26:42.676 megh0011[18776:90b] [CDVTimer][splashscreen] 57.608008ms
2014-04-21 19:26:42.677 megh0011[18776:90b] [CDVTimer][TotalPluginStartup] 58.499038ms
2014-04-21 19:26:42.679 megh0011[18776:90b] WARNING: The splashscreen image named Default-Portrait was not found
2014-04-21 19:26:42.684 megh0011[18776:90b] WARNING: The splashscreen image named Default-Portrait was not found
2014-04-21 19:26:42.685 megh0011[18776:90b] WARNING: The splashscreen image named Default-Portrait was not found
2014-04-21 19:26:42.851 megh0011[18776:90b] Resetting plugins due to page load.
2014-04-21 19:26:44.629 megh0011[18776:90b] Finished load of: file:///Users/meghnameghna/Library/Application%20Support/iPhone%20Simulator/7.1/Applications/C61276A4-CF22-4CEC-82A6-D68393718B8D/megh0011.app/www/index.html
2014-04-21 19:27:07.677 megh0011[18891:90b] Multi-tasking -> Device: YES, App: YES
2014-04-21 19:27:07.684 megh0011[18891:90b] Unlimited access to network resources
2014-04-21 19:27:07.764 megh0011[18891:90b] WARNING: The splashscreen image named Default-Portrait was not found
2014-04-21 19:27:07.764 megh0011[18891:90b] [CDVTimer][splashscreen] 64.733028ms
2014-04-21 19:27:07.765 megh0011[18891:90b] [CDVTimer][TotalPluginStartup] 65.097988ms
2014-04-21 19:27:07.766 megh0011[18891:90b] WARNING: The splashscreen image named Default-Portrait was not found
2014-04-21 19:27:07.769 megh0011[18891:90b] WARNING: The splashscreen image named Default-Portrait was not found
2014-04-21 19:27:07.770 megh0011[18891:90b] WARNING: The splashscreen image named Default-Portrait was not found
2014-04-21 19:27:08.083 megh0011[18891:90b] Resetting plugins due to page load.
2014-04-21 19:27:51.534 megh0011[19041:90b] Multi-tasking -> Device: YES, App: YES
2014-04-21 19:27:51.544 megh0011[19041:90b] Unlimited access to network resources
2014-04-21 19:27:51.599 megh0011[19041:90b] WARNING: The splashscreen image named Default-Portrait was not found
2014-04-21 19:27:51.602 megh0011[19041:90b] [CDVTimer][splashscreen] 30.393004ms
2014-04-21 19:27:51.603 megh0011[19041:90b] [CDVTimer][TotalPluginStartup] 31.518996ms
2014-04-21 19:27:51.606 megh0011[19041:90b] WARNING: The splashscreen image named Default-Portrait was not found
2014-04-21 19:27:51.611 megh0011[19041:90b] WARNING: The splashscreen image named Default-Portrait was not found
2014-04-21 19:27:51.613 megh0011[19041:90b] WARNING: The splashscreen image named Default-Portrait was not found
2014-04-21 19:27:51.808 megh0011[19041:90b] Resetting plugins due to page load.
2014-04-21 19:27:54.652 megh0011[19041:90b] Finished load of: file:///Users/meghnameghna/Library/Application%20Support/iPhone%20Simulator/7.1/Applications/C61276A4-CF22-4CEC-82A6-D68393718B8D/megh0011.app/www/index.html
2014-04-21 19:29:04.187 megh0011[19311:90b] Multi-tasking -> Device: YES, App: YES
2014-04-21 19:29:04.241 megh0011[19311:90b] Unlimited access to network resources
2014-04-21 19:29:04.324 megh0011[19311:90b] WARNING: The splashscreen image named Default-Portrait was not found
2014-04-21 19:29:04.325 megh0011[19311:90b] [CDVTimer][splashscreen] 69.911003ms
2014-04-21 19:29:04.325 megh0011[19311:90b] [CDVTimer][TotalPluginStartup] 70.342958ms
2014-04-21 19:29:04.327 megh0011[19311:90b] WARNING: The splashscreen image named Default-Portrait was not found
2014-04-21 19:29:04.330 megh0011[19311:90b] WARNING: The splashscreen image named Default-Portrait was not found
2014-04-21 19:29:04.331 megh0011[19311:90b] WARNING: The splashscreen image named Default-Portrait was not found
2014-04-21 19:29:04.987 megh0011[19311:90b] Resetting plugins due to page load.
2014-04-21 19:29:06.937 megh0011[19311:90b] Finished load of: file:///Users/meghnameghna/Library/Application%20Support/iPhone%20Simulator/7.1/Applications/C61276A4-CF22-4CEC-82A6-D68393718B8D/megh0011.app/www/index.html
2014-04-21 19:29:34.591 megh0011[19434:90b] Multi-tasking -> Device: YES, App: YES
2014-04-21 19:29:34.599 megh0011[19434:90b] Unlimited access to network resources
2014-04-21 19:29:34.639 megh0011[19434:90b] WARNING: The splashscreen image named Default-Portrait was not found
2014-04-21 19:29:34.640 megh0011[19434:90b] [CDVTimer][splashscreen] 24.873018ms
2014-04-21 19:29:34.640 megh0011[19434:90b] [CDVTimer][TotalPluginStartup] 25.237978ms
2014-04-21 19:29:34.641 megh0011[19434:90b] WARNING: The splashscreen image named Default-Portrait was not found
2014-04-21 19:29:34.644 megh0011[19434:90b] WARNING: The splashscreen image named Default-Portrait was not found
2014-04-21 19:29:34.645 megh0011[19434:90b] WARNING: The splashscreen image named Default-Portrait was not found
2014-04-21 19:29:34.814 megh0011[19434:90b] Resetting plugins due to page load.
2014-04-21 19:30:14.415 megh0011[19582:90b] Multi-tasking -> Device: YES, App: YES
2014-04-21 19:30:14.431 megh0011[19582:90b] Unlimited access to network resources
2014-04-21 19:30:14.505 megh0011[19582:90b] WARNING: The splashscreen image named Default-Portrait was not found
2014-04-21 19:30:14.509 megh0011[19582:90b] [CDVTimer][splashscreen] 20.880044ms
2014-04-21 19:30:14.510 megh0011[19582:90b] [CDVTimer][TotalPluginStartup] 22.258997ms
2014-04-21 19:30:14.515 megh0011[19582:90b] WARNING: The splashscreen image named Default-Portrait was not found
2014-04-21 19:30:14.519 megh0011[19582:90b] WARNING: The splashscreen image named Default-Portrait was not found
2014-04-21 19:30:14.523 megh0011[19582:90b] WARNING: The splashscreen image named Default-Portrait was not found
2014-04-21 19:30:14.701 megh0011[19582:90b] Resetting plugins due to page load.
2014-04-21 19:30:16.974 megh0011[19582:90b] Finished load of: file:///Users/meghnameghna/Library/Application%20Support/iPhone%20Simulator/7.1/Applications/C61276A4-CF22-4CEC-82A6-D68393718B8D/megh0011.app/www/index.html
2014-04-21 19:31:10.680 megh0011[19717:90b] Multi-tasking -> Device: YES, App: YES
2014-04-21 19:31:10.687 megh0011[19717:90b] Unlimited access to network resources
2014-04-21 19:31:10.710 megh0011[19717:90b] WARNING: The splashscreen image named Default-Portrait was not found
2014-04-21 19:31:10.710 megh0011[19717:90b] [CDVTimer][splashscreen] 8.476973ms
2014-04-21 19:31:10.711 megh0011[19717:90b] [CDVTimer][TotalPluginStartup] 8.846998ms
2014-04-21 19:31:10.712 megh0011[19717:90b] WARNING: The splashscreen image named Default-Portrait was not found
2014-04-21 19:31:10.715 megh0011[19717:90b] WARNING: The splashscreen image named Default-Portrait was not found
2014-04-21 19:31:10.716 megh0011[19717:90b] WARNING: The splashscreen image named Default-Portrait was not found
2014-04-21 19:31:10.745 megh0011[19717:90b] Resetting plugins due to page load.
2014-04-21 19:31:37.579 megh0011[19830:90b] Multi-tasking -> Device: YES, App: YES
2014-04-21 19:31:37.586 megh0011[19830:90b] Unlimited access to network resources
2014-04-21 19:31:37.608 megh0011[19830:90b] WARNING: The splashscreen image named Default-Portrait was not found
2014-04-21 19:31:37.608 megh0011[19830:90b] [CDVTimer][splashscreen] 8.351982ms
2014-04-21 19:31:37.609 megh0011[19830:90b] [CDVTimer][TotalPluginStartup] 8.713007ms
2014-04-21 19:31:37.610 megh0011[19830:90b] WARNING: The splashscreen image named Default-Portrait was not found
2014-04-21 19:31:37.613 megh0011[19830:90b] WARNING: The splashscreen image named Default-Portrait was not found
2014-04-21 19:31:37.614 megh0011[19830:90b] WARNING: The splashscreen image named Default-Portrait was not found
2014-04-21 19:31:37.643 megh0011[19830:90b] Resetting plugins due to page load.
2014-04-21 19:31:56.879 megh0011[19966:90b] Multi-tasking -> Device: YES, App: YES
2014-04-21 19:31:56.892 megh0011[19966:90b] Unlimited access to network resources
2014-04-21 19:31:56.934 megh0011[19966:90b] WARNING: The splashscreen image named Default-Portrait was not found
2014-04-21 19:31:56.934 megh0011[19966:90b] [CDVTimer][splashscreen] 14.613986ms
2014-04-21 19:31:56.937 megh0011[19966:90b] [CDVTimer][TotalPluginStartup] 17.351031ms
2014-04-21 19:31:56.943 megh0011[19966:90b] WARNING: The splashscreen image named Default-Portrait was not found
2014-04-21 19:31:56.953 megh0011[19966:90b] WARNING: The splashscreen image named Default-Portrait was not found
2014-04-21 19:31:56.956 megh0011[19966:90b] WARNING: The splashscreen image named Default-Portrait was not found
2014-04-21 19:31:57.044 megh0011[19966:90b] Resetting plugins due to page load.
2014-04-21 19:32:00.505 megh0011[19966:90b] Finished load of: file:///Users/meghnameghna/Library/Application%20Support/iPhone%20Simulator/7.1/Applications/C61276A4-CF22-4CEC-82A6-D68393718B8D/megh0011.app/www/index.html
2014-04-21 19:33:08.144 megh0011[20138:90b] Multi-tasking -> Device: YES, App: YES
2014-04-21 19:33:08.154 megh0011[20138:90b] Unlimited access to network resources
2014-04-21 19:33:08.194 megh0011[20138:90b] WARNING: The splashscreen image named Default-Portrait was not found
2014-04-21 19:33:08.194 megh0011[20138:90b] [CDVTimer][splashscreen] 12.201011ms
2014-04-21 19:33:08.195 megh0011[20138:90b] [CDVTimer][TotalPluginStartup] 13.132989ms
2014-04-21 19:33:08.197 megh0011[20138:90b] WARNING: The splashscreen image named Default-Portrait was not found
2014-04-21 19:33:08.201 megh0011[20138:90b] WARNING: The splashscreen image named Default-Portrait was not found
2014-04-21 19:33:08.202 megh0011[20138:90b] WARNING: The splashscreen image named Default-Portrait was not found
2014-04-21 19:33:08.359 megh0011[20138:90b] Resetting plugins due to page load.
2014-04-21 19:33:11.665 megh0011[20138:90b] Finished load of: file:///Users/meghnameghna/Library/Application%20Support/iPhone%20Simulator/7.1/Applications/C61276A4-CF22-4CEC-82A6-D68393718B8D/megh0011.app/www/index.html
2014-04-21 20:04:51.319 megh0011[21589:90b] Multi-tasking -> Device: YES, App: YES
2014-04-21 20:04:51.332 megh0011[21589:90b] Unlimited access to network resources
2014-04-21 20:04:51.400 megh0011[21589:90b] WARNING: The splashscreen image named Default-Portrait was not found
2014-04-21 20:04:51.407 megh0011[21589:90b] [CDVTimer][splashscreen] 37.606001ms
2014-04-21 20:04:51.409 megh0011[21589:90b] [CDVTimer][TotalPluginStartup] 39.586008ms
2014-04-21 20:04:51.412 megh0011[21589:90b] WARNING: The splashscreen image named Default-Portrait was not found
2014-04-21 20:04:51.417 megh0011[21589:90b] WARNING: The splashscreen image named Default-Portrait was not found
2014-04-21 20:04:51.419 megh0011[21589:90b] WARNING: The splashscreen image named Default-Portrait was not found
2014-04-21 20:04:51.594 megh0011[21589:90b] Resetting plugins due to page load.
2014-04-21 20:04:54.806 megh0011[21589:90b] Finished load of: file:///Users/meghnameghna/Library/Application%20Support/iPhone%20Simulator/7.1/Applications/C61276A4-CF22-4CEC-82A6-D68393718B8D/megh0011.app/www/index.html
2014-04-21 20:05:36.589 megh0011[21717:90b] Multi-tasking -> Device: YES, App: YES
2014-04-21 20:05:36.595 megh0011[21717:90b] Unlimited access to network resources
2014-04-21 20:05:36.618 megh0011[21717:90b] WARNING: The splashscreen image named Default-Portrait was not found
2014-04-21 20:05:36.619 megh0011[21717:90b] [CDVTimer][splashscreen] 9.024024ms
2014-04-21 20:05:36.619 megh0011[21717:90b] [CDVTimer][TotalPluginStartup] 9.418011ms
2014-04-21 20:05:36.620 megh0011[21717:90b] WARNING: The splashscreen image named Default-Portrait was not found
2014-04-21 20:05:36.623 megh0011[21717:90b] WARNING: The splashscreen image named Default-Portrait was not found
2014-04-21 20:05:36.624 megh0011[21717:90b] WARNING: The splashscreen image named Default-Portrait was not found
2014-04-21 20:05:36.653 megh0011[21717:90b] Resetting plugins due to page load.
2014-04-21 20:05:59.872 megh0011[21857:90b] Multi-tasking -> Device: YES, App: YES
2014-04-21 20:05:59.886 megh0011[21857:90b] Unlimited access to network resources
2014-04-21 20:05:59.925 megh0011[21857:90b] WARNING: The splashscreen image named Default-Portrait was not found
2014-04-21 20:05:59.926 megh0011[21857:90b] [CDVTimer][splashscreen] 13.559997ms
2014-04-21 20:05:59.927 megh0011[21857:90b] [CDVTimer][TotalPluginStartup] 14.380038ms
2014-04-21 20:05:59.929 megh0011[21857:90b] WARNING: The splashscreen image named Default-Portrait was not found
2014-04-21 20:05:59.933 megh0011[21857:90b] WARNING: The splashscreen image named Default-Portrait was not found
2014-04-21 20:05:59.939 megh0011[21857:90b] WARNING: The splashscreen image named Default-Portrait was not found
2014-04-21 20:06:00.157 megh0011[21857:90b] Resetting plugins due to page load.
2014-04-21 20:06:01.974 megh0011[21857:90b] Finished load of: file:///Users/meghnameghna/Library/Application%20Support/iPhone%20Simulator/7.1/Applications/C61276A4-CF22-4CEC-82A6-D68393718B8D/megh0011.app/www/index.html
2014-04-21 20:06:36.235 megh0011[22008:90b] Multi-tasking -> Device: YES, App: YES
2014-04-21 20:06:36.246 megh0011[22008:90b] Unlimited access to network resources
2014-04-21 20:06:36.298 megh0011[22008:90b] WARNING: The splashscreen image named Default-Portrait was not found
2014-04-21 20:06:36.299 megh0011[22008:90b] [CDVTimer][splashscreen] 15.967011ms
2014-04-21 20:06:36.299 megh0011[22008:90b] [CDVTimer][TotalPluginStartup] 16.695023ms
2014-04-21 20:06:36.301 megh0011[22008:90b] WARNING: The splashscreen image named Default-Portrait was not found
2014-04-21 20:06:36.306 megh0011[22008:90b] WARNING: The splashscreen image named Default-Portrait was not found
2014-04-21 20:06:36.308 megh0011[22008:90b] WARNING: The splashscreen image named Default-Portrait was not found
2014-04-21 20:06:36.497 megh0011[22008:90b] Resetting plugins due to page load.
2014-04-21 20:06:38.521 megh0011[22008:90b] Finished load of: file:///Users/meghnameghna/Library/Application%20Support/iPhone%20Simulator/7.1/Applications/C61276A4-CF22-4CEC-82A6-D68393718B8D/megh0011.app/www/index.html
2014-04-21 20:07:26.788 megh0011[22167:90b] Multi-tasking -> Device: YES, App: YES
2014-04-21 20:07:26.799 megh0011[22167:90b] Unlimited access to network resources
2014-04-21 20:07:26.838 megh0011[22167:90b] WARNING: The splashscreen image named Default-Portrait was not found
2014-04-21 20:07:26.839 megh0011[22167:90b] [CDVTimer][splashscreen] 16.111016ms
2014-04-21 20:07:26.840 megh0011[22167:90b] [CDVTimer][TotalPluginStartup] 16.860008ms
2014-04-21 20:07:26.842 megh0011[22167:90b] WARNING: The splashscreen image named Default-Portrait was not found
2014-04-21 20:07:26.848 megh0011[22167:90b] WARNING: The splashscreen image named Default-Portrait was not found
2014-04-21 20:07:26.856 megh0011[22167:90b] WARNING: The splashscreen image named Default-Portrait was not found
2014-04-21 20:07:27.051 megh0011[22167:90b] Resetting plugins due to page load.
2014-04-21 20:07:28.747 megh0011[22167:90b] Finished load of: file:///Users/meghnameghna/Library/Application%20Support/iPhone%20Simulator/7.1/Applications/C61276A4-CF22-4CEC-82A6-D68393718B8D/megh0011.app/www/index.html
2014-04-21 20:08:03.971 megh0011[22321:90b] Multi-tasking -> Device: YES, App: YES
2014-04-21 20:08:03.982 megh0011[22321:90b] Unlimited access to network resources
2014-04-21 20:08:04.028 megh0011[22321:90b] WARNING: The splashscreen image named Default-Portrait was not found
2014-04-21 20:08:04.029 megh0011[22321:90b] [CDVTimer][splashscreen] 16.847014ms
2014-04-21 20:08:04.030 megh0011[22321:90b] [CDVTimer][TotalPluginStartup] 17.605960ms
2014-04-21 20:08:04.032 megh0011[22321:90b] WARNING: The splashscreen image named Default-Portrait was not found
2014-04-21 20:08:04.038 megh0011[22321:90b] WARNING: The splashscreen image named Default-Portrait was not found
2014-04-21 20:08:04.039 megh0011[22321:90b] WARNING: The splashscreen image named Default-Portrait was not found
2014-04-21 20:08:04.131 megh0011[22321:90b] Resetting plugins due to page load.
2014-04-21 20:08:05.815 megh0011[22321:90b] Finished load of: file:///Users/meghnameghna/Library/Application%20Support/iPhone%20Simulator/7.1/Applications/C61276A4-CF22-4CEC-82A6-D68393718B8D/megh0011.app/www/index.html
2014-04-21 20:08:26.954 megh0011[22469:90b] Multi-tasking -> Device: YES, App: YES
2014-04-21 20:08:26.967 megh0011[22469:90b] Unlimited access to network resources
2014-04-21 20:08:27.014 megh0011[22469:90b] WARNING: The splashscreen image named Default-Portrait was not found
2014-04-21 20:08:27.015 megh0011[22469:90b] [CDVTimer][splashscreen] 12.400985ms
2014-04-21 20:08:27.016 megh0011[22469:90b] [CDVTimer][TotalPluginStartup] 13.704956ms
2014-04-21 20:08:27.018 megh0011[22469:90b] WARNING: The splashscreen image named Default-Portrait was not found
2014-04-21 20:08:27.022 megh0011[22469:90b] WARNING: The splashscreen image named Default-Portrait was not found
2014-04-21 20:08:27.024 megh0011[22469:90b] WARNING: The splashscreen image named Default-Portrait was not found
2014-04-21 20:08:27.208 megh0011[22469:90b] Resetting plugins due to page load.
2014-04-21 20:08:28.869 megh0011[22469:90b] Finished load of: file:///Users/meghnameghna/Library/Application%20Support/iPhone%20Simulator/7.1/Applications/C61276A4-CF22-4CEC-82A6-D68393718B8D/megh0011.app/www/index.html
2014-04-21 20:08:50.118 megh0011[22613:90b] Multi-tasking -> Device: YES, App: YES
2014-04-21 20:08:50.127 megh0011[22613:90b] Unlimited access to network resources
2014-04-21 20:08:50.161 megh0011[22613:90b] WARNING: The splashscreen image named Default-Portrait was not found
2014-04-21 20:08:50.161 megh0011[22613:90b] [CDVTimer][splashscreen] 13.522029ms
2014-04-21 20:08:50.161 megh0011[22613:90b] [CDVTimer][TotalPluginStartup] 13.979971ms
2014-04-21 20:08:50.163 megh0011[22613:90b] WARNING: The splashscreen image named Default-Portrait was not found
2014-04-21 20:08:50.166 megh0011[22613:90b] WARNING: The splashscreen image named Default-Portrait was not found
2014-04-21 20:08:50.168 megh0011[22613:90b] WARNING: The splashscreen image named Default-Portrait was not found
2014-04-21 20:08:50.356 megh0011[22613:90b] Resetting plugins due to page load.
2014-04-21 20:08:51.751 megh0011[22613:90b] Finished load of: file:///Users/meghnameghna/Library/Application%20Support/iPhone%20Simulator/7.1/Applications/C61276A4-CF22-4CEC-82A6-D68393718B8D/megh0011.app/www/index.html
2014-04-21 20:10:22.353 megh0011[22766:90b] Multi-tasking -> Device: YES, App: YES
2014-04-21 20:10:22.360 megh0011[22766:90b] Unlimited access to network resources
2014-04-21 20:10:22.384 megh0011[22766:90b] WARNING: The splashscreen image named Default-Portrait was not found
2014-04-21 20:10:22.385 megh0011[22766:90b] [CDVTimer][splashscreen] 8.484006ms
2014-04-21 20:10:22.385 megh0011[22766:90b] [CDVTimer][TotalPluginStartup] 8.850992ms
2014-04-21 20:10:22.386 megh0011[22766:90b] WARNING: The splashscreen image named Default-Portrait was not found
2014-04-21 20:10:22.389 megh0011[22766:90b] WARNING: The splashscreen image named Default-Portrait was not found
2014-04-21 20:10:22.390 megh0011[22766:90b] WARNING: The splashscreen image named Default-Portrait was not found
2014-04-21 20:10:22.420 megh0011[22766:90b] Resetting plugins due to page load.
2014-04-21 20:10:48.796 megh0011[22891:90b] Multi-tasking -> Device: YES, App: YES
2014-04-21 20:10:48.802 megh0011[22891:90b] Unlimited access to network resources
2014-04-21 20:10:48.825 megh0011[22891:90b] WARNING: The splashscreen image named Default-Portrait was not found
2014-04-21 20:10:48.825 megh0011[22891:90b] [CDVTimer][splashscreen] 8.389056ms
2014-04-21 20:10:48.826 megh0011[22891:90b] [CDVTimer][TotalPluginStartup] 8.747041ms
2014-04-21 20:10:48.827 megh0011[22891:90b] WARNING: The splashscreen image named Default-Portrait was not found
2014-04-21 20:10:48.829 megh0011[22891:90b] WARNING: The splashscreen image named Default-Portrait was not found
2014-04-21 20:10:48.830 megh0011[22891:90b] WARNING: The splashscreen image named Default-Portrait was not found
2014-04-21 20:10:48.859 megh0011[22891:90b] Resetting plugins due to page load.
2014-04-21 20:11:19.677 megh0011[23035:90b] Multi-tasking -> Device: YES, App: YES
2014-04-21 20:11:19.689 megh0011[23035:90b] Unlimited access to network resources
2014-04-21 20:11:19.744 megh0011[23035:90b] WARNING: The splashscreen image named Default-Portrait was not found
2014-04-21 20:11:19.747 megh0011[23035:90b] [CDVTimer][splashscreen] 16.317010ms
2014-04-21 20:11:19.748 megh0011[23035:90b] [CDVTimer][TotalPluginStartup] 19.545972ms
2014-04-21 20:11:19.750 megh0011[23035:90b] WARNING: The splashscreen image named Default-Portrait was not found
2014-04-21 20:11:19.759 megh0011[23035:90b] WARNING: The splashscreen image named Default-Portrait was not found
2014-04-21 20:11:19.763 megh0011[23035:90b] WARNING: The splashscreen image named Default-Portrait was not found
2014-04-21 20:11:20.002 megh0011[23035:90b] Resetting plugins due to page load.
2014-04-21 20:11:22.691 megh0011[23035:90b] Finished load of: file:///Users/meghnameghna/Library/Application%20Support/iPhone%20Simulator/7.1/Applications/C61276A4-CF22-4CEC-82A6-D68393718B8D/megh0011.app/www/index.html
2014-04-21 20:11:59.821 megh0011[23189:90b] Multi-tasking -> Device: YES, App: YES
2014-04-21 20:11:59.833 megh0011[23189:90b] Unlimited access to network resources
2014-04-21 20:11:59.888 megh0011[23189:90b] WARNING: The splashscreen image named Default-Portrait was not found
2014-04-21 20:11:59.889 megh0011[23189:90b] [CDVTimer][splashscreen] 28.734028ms
2014-04-21 20:11:59.889 megh0011[23189:90b] [CDVTimer][TotalPluginStartup] 29.493988ms
2014-04-21 20:11:59.893 megh0011[23189:90b] WARNING: The splashscreen image named Default-Portrait was not found
2014-04-21 20:11:59.900 megh0011[23189:90b] WARNING: The splashscreen image named Default-Portrait was not found
2014-04-21 20:11:59.901 megh0011[23189:90b] WARNING: The splashscreen image named Default-Portrait was not found
2014-04-21 20:12:00.097 megh0011[23189:90b] Resetting plugins due to page load.
2014-04-21 20:12:02.089 megh0011[23189:90b] Finished load of: file:///Users/meghnameghna/Library/Application%20Support/iPhone%20Simulator/7.1/Applications/C61276A4-CF22-4CEC-82A6-D68393718B8D/megh0011.app/www/index.html
2014-04-21 20:13:58.056 megh0011[23389:90b] Multi-tasking -> Device: YES, App: YES
2014-04-21 20:13:58.074 megh0011[23389:90b] Unlimited access to network resources
2014-04-21 20:13:58.129 megh0011[23389:90b] WARNING: The splashscreen image named Default-Portrait was not found
2014-04-21 20:13:58.129 megh0011[23389:90b] [CDVTimer][splashscreen] 30.474961ms
2014-04-21 20:13:58.130 megh0011[23389:90b] [CDVTimer][TotalPluginStartup] 31.216025ms
2014-04-21 20:13:58.132 megh0011[23389:90b] WARNING: The splashscreen image named Default-Portrait was not found
2014-04-21 20:13:58.143 megh0011[23389:90b] WARNING: The splashscreen image named Default-Portrait was not found
2014-04-21 20:13:58.145 megh0011[23389:90b] WARNING: The splashscreen image named Default-Portrait was not found
2014-04-21 20:13:58.319 megh0011[23389:90b] Resetting plugins due to page load.
2014-04-21 20:14:11.778 megh0011[23389:4403] void SendDelegateMessage(NSInvocation *): delegate (webView:runJavaScriptAlertPanelWithMessage:initiatedByFrame:) failed to return after waiting 10 seconds. main run loop mode: kCFRunLoopDefaultMode
2014-04-21 20:14:11.792 megh0011[23389:90b] Finished load of: file:///Users/meghnameghna/Library/Application%20Support/iPhone%20Simulator/7.1/Applications/C61276A4-CF22-4CEC-82A6-D68393718B8D/megh0011.app/www/index.html
2014-04-21 20:15:11.087 megh0011[23562:90b] Multi-tasking -> Device: YES, App: YES
2014-04-21 20:15:11.103 megh0011[23562:90b] Unlimited access to network resources
2014-04-21 20:15:11.161 megh0011[23562:90b] WARNING: The splashscreen image named Default-Portrait was not found
2014-04-21 20:15:11.167 megh0011[23562:90b] [CDVTimer][splashscreen] 33.258021ms
2014-04-21 20:15:11.169 megh0011[23562:90b] [CDVTimer][TotalPluginStartup] 35.133004ms
2014-04-21 20:15:11.171 megh0011[23562:90b] WARNING: The splashscreen image named Default-Portrait was not found
2014-04-21 20:15:11.178 megh0011[23562:90b] WARNING: The splashscreen image named Default-Portrait was not found
2014-04-21 20:15:11.180 megh0011[23562:90b] WARNING: The splashscreen image named Default-Portrait was not found
2014-04-21 20:15:11.346 megh0011[23562:90b] Resetting plugins due to page load.
2014-04-21 20:15:14.309 megh0011[23562:90b] Finished load of: file:///Users/meghnameghna/Library/Application%20Support/iPhone%20Simulator/7.1/Applications/C61276A4-CF22-4CEC-82A6-D68393718B8D/megh0011.app/www/index.html
2014-04-21 20:15:44.109 megh0011[23715:90b] Multi-tasking -> Device: YES, App: YES
2014-04-21 20:15:44.120 megh0011[23715:90b] Unlimited access to network resources
2014-04-21 20:15:44.180 megh0011[23715:90b] WARNING: The splashscreen image named Default-Portrait was not found
2014-04-21 20:15:44.182 megh0011[23715:90b] [CDVTimer][splashscreen] 20.651996ms
2014-04-21 20:15:44.184 megh0011[23715:90b] [CDVTimer][TotalPluginStartup] 23.455977ms
2014-04-21 20:15:44.186 megh0011[23715:90b] WARNING: The splashscreen image named Default-Portrait was not found
2014-04-21 20:15:44.193 megh0011[23715:90b] WARNING: The splashscreen image named Default-Portrait was not found
2014-04-21 20:15:44.198 megh0011[23715:90b] WARNING: The splashscreen image named Default-Portrait was not found
2014-04-21 20:15:44.383 megh0011[23715:90b] Resetting plugins due to page load.
2014-04-21 20:15:45.848 megh0011[23715:90b] Finished load of: file:///Users/meghnameghna/Library/Application%20Support/iPhone%20Simulator/7.1/Applications/C61276A4-CF22-4CEC-82A6-D68393718B8D/megh0011.app/www/index.html
2014-04-21 20:16:30.400 megh0011[23873:90b] Multi-tasking -> Device: YES, App: YES
2014-04-21 20:16:30.413 megh0011[23873:90b] Unlimited access to network resources
2014-04-21 20:16:30.467 megh0011[23873:90b] WARNING: The splashscreen image named Default-Portrait was not found
2014-04-21 20:16:30.471 megh0011[23873:90b] [CDVTimer][splashscreen] 23.643970ms
2014-04-21 20:16:30.472 megh0011[23873:90b] [CDVTimer][TotalPluginStartup] 24.726033ms
2014-04-21 20:16:30.475 megh0011[23873:90b] WARNING: The splashscreen image named Default-Portrait was not found
2014-04-21 20:16:30.480 megh0011[23873:90b] WARNING: The splashscreen image named Default-Portrait was not found
2014-04-21 20:16:30.482 megh0011[23873:90b] WARNING: The splashscreen image named Default-Portrait was not found
2014-04-21 20:16:30.632 megh0011[23873:90b] Resetting plugins due to page load.
2014-04-21 20:16:32.340 megh0011[23873:90b] Finished load of: file:///Users/meghnameghna/Library/Application%20Support/iPhone%20Simulator/7.1/Applications/C61276A4-CF22-4CEC-82A6-D68393718B8D/megh0011.app/www/index.html
2014-04-21 20:17:48.707 megh0011[24047:90b] Multi-tasking -> Device: YES, App: YES
2014-04-21 20:17:48.722 megh0011[24047:90b] Unlimited access to network resources
2014-04-21 20:17:48.761 megh0011[24047:90b] WARNING: The splashscreen image named Default-Portrait was not found
2014-04-21 20:17:48.763 megh0011[24047:90b] [CDVTimer][splashscreen] 17.032981ms
2014-04-21 20:17:48.763 megh0011[24047:90b] [CDVTimer][TotalPluginStartup] 17.734051ms
2014-04-21 20:17:48.765 megh0011[24047:90b] WARNING: The splashscreen image named Default-Portrait was not found
2014-04-21 20:17:48.772 megh0011[24047:90b] WARNING: The splashscreen image named Default-Portrait was not found
2014-04-21 20:17:48.782 megh0011[24047:90b] WARNING: The splashscreen image named Default-Portrait was not found
2014-04-21 20:17:48.942 megh0011[24047:90b] Resetting plugins due to page load.
2014-04-21 20:17:50.933 megh0011[24047:90b] Finished load of: file:///Users/meghnameghna/Library/Application%20Support/iPhone%20Simulator/7.1/Applications/C61276A4-CF22-4CEC-82A6-D68393718B8D/megh0011.app/www/index.html
2014-04-21 20:18:54.657 megh0011[24215:90b] Multi-tasking -> Device: YES, App: YES
2014-04-21 20:18:54.668 megh0011[24215:90b] Unlimited access to network resources
2014-04-21 20:18:54.723 megh0011[24215:90b] WARNING: The splashscreen image named Default-Portrait was not found
2014-04-21 20:18:54.725 megh0011[24215:90b] [CDVTimer][splashscreen] 15.729964ms
2014-04-21 20:18:54.726 megh0011[24215:90b] [CDVTimer][TotalPluginStartup] 16.283035ms
2014-04-21 20:18:54.728 megh0011[24215:90b] WARNING: The splashscreen image named Default-Portrait was not found
2014-04-21 20:18:54.733 megh0011[24215:90b] WARNING: The splashscreen image named Default-Portrait was not found
2014-04-21 20:18:54.735 megh0011[24215:90b] WARNING: The splashscreen image named Default-Portrait was not found
2014-04-21 20:18:54.898 megh0011[24215:90b] Resetting plugins due to page load.
2014-04-21 20:18:56.609 megh0011[24215:90b] Finished load of: file:///Users/meghnameghna/Library/Application%20Support/iPhone%20Simulator/7.1/Applications/C61276A4-CF22-4CEC-82A6-D68393718B8D/megh0011.app/www/index.html
2014-04-21 20:20:43.289 megh0011[24377:90b] Multi-tasking -> Device: YES, App: YES
2014-04-21 20:20:43.295 megh0011[24377:90b] Unlimited access to network resources
2014-04-21 20:20:43.320 megh0011[24377:90b] WARNING: The splashscreen image named Default-Portrait was not found
2014-04-21 20:20:43.321 megh0011[24377:90b] [CDVTimer][splashscreen] 10.142982ms
2014-04-21 20:20:43.321 megh0011[24377:90b] [CDVTimer][TotalPluginStartup] 10.490000ms
2014-04-21 20:20:43.322 megh0011[24377:90b] WARNING: The splashscreen image named Default-Portrait was not found
2014-04-21 20:20:43.325 megh0011[24377:90b] WARNING: The splashscreen image named Default-Portrait was not found
2014-04-21 20:20:43.326 megh0011[24377:90b] WARNING: The splashscreen image named Default-Portrait was not found
2014-04-21 20:20:43.355 megh0011[24377:90b] Resetting plugins due to page load.
2014-04-21 20:21:07.377 megh0011[24516:90b] Multi-tasking -> Device: YES, App: YES
2014-04-21 20:21:07.392 megh0011[24516:90b] Unlimited access to network resources
2014-04-21 20:21:07.447 megh0011[24516:90b] WARNING: The splashscreen image named Default-Portrait was not found
2014-04-21 20:21:07.447 megh0011[24516:90b] [CDVTimer][splashscreen] 23.765981ms
2014-04-21 20:21:07.449 megh0011[24516:90b] [CDVTimer][TotalPluginStartup] 25.318027ms
2014-04-21 20:21:07.451 megh0011[24516:90b] WARNING: The splashscreen image named Default-Portrait was not found
2014-04-21 20:21:07.457 megh0011[24516:90b] WARNING: The splashscreen image named Default-Portrait was not found
2014-04-21 20:21:07.461 megh0011[24516:90b] WARNING: The splashscreen image named Default-Portrait was not found
2014-04-21 20:21:07.638 megh0011[24516:90b] Resetting plugins due to page load.
2014-04-21 20:21:09.295 megh0011[24516:90b] Finished load of: file:///Users/meghnameghna/Library/Application%20Support/iPhone%20Simulator/7.1/Applications/C61276A4-CF22-4CEC-82A6-D68393718B8D/megh0011.app/www/index.html
2014-04-21 20:21:37.238 megh0011[24664:90b] Multi-tasking -> Device: YES, App: YES
2014-04-21 20:21:37.249 megh0011[24664:90b] Unlimited access to network resources
2014-04-21 20:21:37.311 megh0011[24664:90b] WARNING: The splashscreen image named Default-Portrait was not found
2014-04-21 20:21:37.312 megh0011[24664:90b] [CDVTimer][splashscreen] 23.571014ms
2014-04-21 20:21:37.313 megh0011[24664:90b] [CDVTimer][TotalPluginStartup] 25.056005ms
2014-04-21 20:21:37.316 megh0011[24664:90b] WARNING: The splashscreen image named Default-Portrait was not found
2014-04-21 20:21:37.326 megh0011[24664:90b] WARNING: The splashscreen image named Default-Portrait was not found
2014-04-21 20:21:37.330 megh0011[24664:90b] WARNING: The splashscreen image named Default-Portrait was not found
2014-04-21 20:21:37.521 megh0011[24664:90b] Resetting plugins due to page load.
2014-04-21 20:21:39.106 megh0011[24664:90b] Finished load of: file:///Users/meghnameghna/Library/Application%20Support/iPhone%20Simulator/7.1/Applications/C61276A4-CF22-4CEC-82A6-D68393718B8D/megh0011.app/www/index.html
2014-04-21 20:23:31.254 megh0011[24855:90b] Multi-tasking -> Device: YES, App: YES
2014-04-21 20:23:31.282 megh0011[24855:90b] Unlimited access to network resources
2014-04-21 20:23:31.320 megh0011[24855:90b] WARNING: The splashscreen image named Default-Portrait was not found
2014-04-21 20:23:31.321 megh0011[24855:90b] [CDVTimer][splashscreen] 13.814986ms
2014-04-21 20:23:31.322 megh0011[24855:90b] [CDVTimer][TotalPluginStartup] 14.559984ms
2014-04-21 20:23:31.324 megh0011[24855:90b] WARNING: The splashscreen image named Default-Portrait was not found
2014-04-21 20:23:31.334 megh0011[24855:90b] WARNING: The splashscreen image named Default-Portrait was not found
2014-04-21 20:23:31.336 megh0011[24855:90b] WARNING: The splashscreen image named Default-Portrait was not found
2014-04-21 20:23:31.506 megh0011[24855:90b] Resetting plugins due to page load.
2014-04-21 20:23:33.331 megh0011[24855:90b] Finished load of: file:///Users/meghnameghna/Library/Application%20Support/iPhone%20Simulator/7.1/Applications/C61276A4-CF22-4CEC-82A6-D68393718B8D/megh0011.app/www/index.html
2014-04-21 20:24:11.002 megh0011[25010:90b] Multi-tasking -> Device: YES, App: YES
2014-04-21 20:24:11.014 megh0011[25010:90b] Unlimited access to network resources
2014-04-21 20:24:11.095 megh0011[25010:90b] WARNING: The splashscreen image named Default-Portrait was not found
2014-04-21 20:24:11.096 megh0011[25010:90b] [CDVTimer][splashscreen] 42.272031ms
2014-04-21 20:24:11.097 megh0011[25010:90b] [CDVTimer][TotalPluginStartup] 42.989016ms
2014-04-21 20:24:11.105 megh0011[25010:90b] WARNING: The splashscreen image named Default-Portrait was not found
2014-04-21 20:24:11.114 megh0011[25010:90b] WARNING: The splashscreen image named Default-Portrait was not found
2014-04-21 20:24:11.117 megh0011[25010:90b] WARNING: The splashscreen image named Default-Portrait was not found
2014-04-21 20:24:11.298 megh0011[25010:90b] Resetting plugins due to page load.
2014-04-21 20:24:12.759 megh0011[25010:90b] Finished load of: file:///Users/meghnameghna/Library/Application%20Support/iPhone%20Simulator/7.1/Applications/C61276A4-CF22-4CEC-82A6-D68393718B8D/megh0011.app/www/index.html
2014-04-21 20:25:47.417 megh0011[25197:90b] Multi-tasking -> Device: YES, App: YES
2014-04-21 20:25:47.434 megh0011[25197:90b] Unlimited access to network resources
2014-04-21 20:25:47.482 megh0011[25197:90b] WARNING: The splashscreen image named Default-Portrait was not found
2014-04-21 20:25:47.483 megh0011[25197:90b] [CDVTimer][splashscreen] 18.415034ms
2014-04-21 20:25:47.485 megh0011[25197:90b] [CDVTimer][TotalPluginStartup] 20.721018ms
2014-04-21 20:25:47.496 megh0011[25197:90b] WARNING: The splashscreen image named Default-Portrait was not found
2014-04-21 20:25:47.514 megh0011[25197:90b] WARNING: The splashscreen image named Default-Portrait was not found
2014-04-21 20:25:47.517 megh0011[25197:90b] WARNING: The splashscreen image named Default-Portrait was not found
2014-04-21 20:25:47.600 megh0011[25197:90b] Resetting plugins due to page load.
2014-04-21 20:26:04.266 megh0011[25197:4203] void SendDelegateMessage(NSInvocation *): delegate (webView:runJavaScriptAlertPanelWithMessage:initiatedByFrame:) failed to return after waiting 10 seconds. main run loop mode: kCFRunLoopDefaultMode
2014-04-21 20:26:04.280 megh0011[25197:90b] Finished load of: file:///Users/meghnameghna/Library/Application%20Support/iPhone%20Simulator/7.1/Applications/C61276A4-CF22-4CEC-82A6-D68393718B8D/megh0011.app/www/index.html
2014-04-21 20:27:36.122 megh0011[25388:90b] Multi-tasking -> Device: YES, App: YES
2014-04-21 20:27:36.135 megh0011[25388:90b] Unlimited access to network resources
2014-04-21 20:27:36.869 megh0011[25388:90b] WARNING: The splashscreen image named Default-Portrait was not found
2014-04-21 20:27:36.871 megh0011[25388:90b] [CDVTimer][splashscreen] 361.440003ms
2014-04-21 20:27:36.871 megh0011[25388:90b] [CDVTimer][TotalPluginStartup] 362.204015ms
2014-04-21 20:27:36.874 megh0011[25388:90b] WARNING: The splashscreen image named Default-Portrait was not found
2014-04-21 20:27:36.878 megh0011[25388:90b] WARNING: The splashscreen image named Default-Portrait was not found
2014-04-21 20:27:36.880 megh0011[25388:90b] WARNING: The splashscreen image named Default-Portrait was not found
2014-04-21 20:27:36.912 megh0011[25388:90b] Resetting plugins due to page load.
2014-04-21 20:27:39.734 megh0011[25388:90b] Finished load of: file:///Users/meghnameghna/Library/Application%20Support/iPhone%20Simulator/7.1/Applications/C61276A4-CF22-4CEC-82A6-D68393718B8D/megh0011.app/www/index.html
2014-04-21 20:29:01.192 megh0011[25572:90b] Multi-tasking -> Device: YES, App: YES
2014-04-21 20:29:01.203 megh0011[25572:90b] Unlimited access to network resources
2014-04-21 20:29:01.267 megh0011[25572:90b] WARNING: The splashscreen image named Default-Portrait was not found
2014-04-21 20:29:01.268 megh0011[25572:90b] [CDVTimer][splashscreen] 12.977004ms
2014-04-21 20:29:01.269 megh0011[25572:90b] [CDVTimer][TotalPluginStartup] 13.502955ms
2014-04-21 20:29:01.271 megh0011[25572:90b] WARNING: The splashscreen image named Default-Portrait was not found
2014-04-21 20:29:01.279 megh0011[25572:90b] WARNING: The splashscreen image named Default-Portrait was not found
2014-04-21 20:29:01.281 megh0011[25572:90b] WARNING: The splashscreen image named Default-Portrait was not found
2014-04-21 20:29:01.432 megh0011[25572:90b] Resetting plugins due to page load.
2014-04-21 20:29:04.576 megh0011[25572:90b] Finished load of: file:///Users/meghnameghna/Library/Application%20Support/iPhone%20Simulator/7.1/Applications/C61276A4-CF22-4CEC-82A6-D68393718B8D/megh0011.app/www/index.html
2014-04-21 20:29:50.678 megh0011[25730:90b] Multi-tasking -> Device: YES, App: YES
2014-04-21 20:29:50.688 megh0011[25730:90b] Unlimited access to network resources
2014-04-21 20:29:50.729 megh0011[25730:90b] WARNING: The splashscreen image named Default-Portrait was not found
2014-04-21 20:29:50.731 megh0011[25730:90b] [CDVTimer][splashscreen] 14.379025ms
2014-04-21 20:29:50.732 megh0011[25730:90b] [CDVTimer][TotalPluginStartup] 15.999973ms
2014-04-21 20:29:50.734 megh0011[25730:90b] WARNING: The splashscreen image named Default-Portrait was not found
2014-04-21 20:29:50.738 megh0011[25730:90b] WARNING: The splashscreen image named Default-Portrait was not found
2014-04-21 20:29:50.745 megh0011[25730:90b] WARNING: The splashscreen image named Default-Portrait was not found
2014-04-21 20:29:50.917 megh0011[25730:90b] Resetting plugins due to page load.
2014-04-21 20:29:52.690 megh0011[25730:90b] Finished load of: file:///Users/meghnameghna/Library/Application%20Support/iPhone%20Simulator/7.1/Applications/C61276A4-CF22-4CEC-82A6-D68393718B8D/megh0011.app/www/index.html
2014-04-21 20:30:59.962 megh0011[25903:90b] Multi-tasking -> Device: YES, App: YES
2014-04-21 20:30:59.973 megh0011[25903:90b] Unlimited access to network resources
2014-04-21 20:31:00.055 megh0011[25903:90b] WARNING: The splashscreen image named Default-Portrait was not found
2014-04-21 20:31:00.056 megh0011[25903:90b] [CDVTimer][splashscreen] 42.174041ms
2014-04-21 20:31:00.057 megh0011[25903:90b] [CDVTimer][TotalPluginStartup] 43.457031ms
2014-04-21 20:31:00.060 megh0011[25903:90b] WARNING: The splashscreen image named Default-Portrait was not found
2014-04-21 20:31:00.065 megh0011[25903:90b] WARNING: The splashscreen image named Default-Portrait was not found
2014-04-21 20:31:00.067 megh0011[25903:90b] WARNING: The splashscreen image named Default-Portrait was not found
2014-04-21 20:31:00.240 megh0011[25903:90b] Resetting plugins due to page load.
2014-04-21 20:31:01.807 megh0011[25903:90b] Finished load of: file:///Users/meghnameghna/Library/Application%20Support/iPhone%20Simulator/7.1/Applications/C61276A4-CF22-4CEC-82A6-D68393718B8D/megh0011.app/www/index.html
2014-05-20 13:13:38.943 megh0011[820:90b] Multi-tasking -> Device: YES, App: YES
2014-05-20 13:13:39.106 megh0011[820:90b] Unlimited access to network resources
2014-05-20 13:13:40.883 megh0011[820:90b] WARNING: The splashscreen image named Default-Portrait was not found
2014-05-20 13:13:40.883 megh0011[820:90b] [CDVTimer][splashscreen] 429.059029ms
2014-05-20 13:13:40.884 megh0011[820:90b] [CDVTimer][TotalPluginStartup] 429.486990ms
2014-05-20 13:13:40.885 megh0011[820:90b] WARNING: The splashscreen image named Default-Portrait was not found
2014-05-20 13:13:40.891 megh0011[820:90b] WARNING: The splashscreen image named Default-Portrait was not found
2014-05-20 13:13:40.892 megh0011[820:90b] WARNING: The splashscreen image named Default-Portrait was not found
2014-05-20 13:13:41.316 megh0011[820:90b] Resetting plugins due to page load.
